[0.007s] Invoking command in '/home/lwj/turtle_control/build/turtle_control': CMAKE_PREFIX_PATH=/opt/ros/humble /usr/bin/cmake /home/lwj/turtle_control -DCMAKE_INSTALL_PREFIX=/home/lwj/turtle_control/install/turtle_control
[0.089s] -- The C compiler identification is GNU 11.4.0
[0.131s] -- The CXX compiler identification is GNU 11.4.0
[0.137s] -- Detecting C compiler ABI info
[0.238s] -- Detecting C compiler ABI info - done
[0.244s] -- Check for working C compiler: /usr/bin/cc - skipped
[0.244s] -- Detecting C compile features
[0.245s] -- Detecting C compile features - done
[0.249s] -- Detecting CXX compiler ABI info
[0.356s] -- Detecting CXX compiler ABI info - done
[0.361s] -- Check for working CXX compiler: /usr/bin/c++ - skipped
[0.361s] -- Detecting CXX compile features
[0.362s] -- Detecting CXX compile features - done
[0.363s] -- Found ament_cmake: 1.3.10 (/opt/ros/humble/share/ament_cmake/cmake)
[0.503s] -- Found Python3: /usr/bin/python3 (found version "3.10.12") found components: Interpreter 
[0.570s] -- Found rclcpp: 16.0.10 (/opt/ros/humble/share/rclcpp/cmake)
[0.597s] -- Found rosidl_generator_c: 3.1.5 (/opt/ros/humble/share/rosidl_generator_c/cmake)
[0.599s] -- Found rosidl_adapter: 3.1.5 (/opt/ros/humble/share/rosidl_adapter/cmake)
[0.604s] -- Found rosidl_generator_cpp: 3.1.5 (/opt/ros/humble/share/rosidl_generator_cpp/cmake)
[0.611s] -- Using all available rosidl_typesupport_c: rosidl_typesupport_fastrtps_c;rosidl_typesupport_introspection_c
[0.621s] -- Using all available rosidl_typesupport_cpp: rosidl_typesupport_fastrtps_cpp;rosidl_typesupport_introspection_cpp
[0.647s] -- Found rmw_implementation_cmake: 6.1.2 (/opt/ros/humble/share/rmw_implementation_cmake/cmake)
[0.648s] -- Found rmw_fastrtps_cpp: 6.2.7 (/opt/ros/humble/share/rmw_fastrtps_cpp/cmake)
[0.751s] -- Found OpenSSL: /usr/lib/x86_64-linux-gnu/libcrypto.so (found version "3.0.2")  
[0.770s] -- Found FastRTPS: /opt/ros/humble/include  
[0.797s] -- Using RMW implementation 'rmw_fastrtps_cpp' as default
[0.802s] -- Looking for pthread.h
[0.901s] -- Looking for pthread.h - found
[0.901s] -- Performing Test CMAKE_HAVE_LIBC_PTHREAD
[1.006s] -- Performing Test CMAKE_HAVE_LIBC_PTHREAD - Success
[1.007s] -- Found Threads: TRUE  
[1.038s] -- Found geometry_msgs: 4.2.4 (/opt/ros/humble/share/geometry_msgs/cmake)
[1.058s] -- Found Boost: /usr/lib/x86_64-linux-gnu/cmake/Boost-1.74.0/BoostConfig.cmake (found suitable version "1.74.0", minimum required is "1.71.0") found components: thread 
[1.069s] -- Found rosidl_default_generators: 1.2.0 (/opt/ros/humble/share/rosidl_default_generators/cmake)
[1.077s] -- Found ament_lint_auto: 0.12.11 (/opt/ros/humble/share/ament_lint_auto/cmake)
[1.126s] -- Added test 'copyright' to check source files copyright and LICENSE
[1.128s] -- Added test 'cppcheck' to perform static code analysis on C / C++ code
[1.129s] -- Configured cppcheck include dirs: /home/lwj/turtle_control/include;/home/lwj/turtle_control/build/turtle_control
[1.129s] -- Configured cppcheck exclude dirs and/or files: 
[1.131s] -- Added test 'cpplint' to check C / C++ code against the Google style
[1.131s] -- Configured cpplint exclude dirs and/or files: 
[1.132s] -- Added test 'lint_cmake' to check CMake code style
[1.134s] -- Added test 'uncrustify' to check C / C++ code style
[1.134s] -- Configured uncrustify additional arguments: 
[1.134s] -- Added test 'xmllint' to check XML markup files
[1.135s] -- Configuring done
[1.151s] -- Generating done
[1.152s] -- Build files have been written to: /home/lwj/turtle_control/build/turtle_control
[1.159s] Invoked command in '/home/lwj/turtle_control/build/turtle_control' returned '0': CMAKE_PREFIX_PATH=/opt/ros/humble /usr/bin/cmake /home/lwj/turtle_control -DCMAKE_INSTALL_PREFIX=/home/lwj/turtle_control/install/turtle_control
[1.161s] Invoking command in '/home/lwj/turtle_control/build/turtle_control': CMAKE_PREFIX_PATH=/opt/ros/humble /usr/bin/cmake --build /home/lwj/turtle_control/build/turtle_control -- -j16 -l16
[1.208s] [ 11%] [34m[1mGenerating include/turtle_control/moc_qnode.cpp[0m
[1.209s] [ 22%] [34m[1mGenerating ui_mainwindow.h[0m
[1.210s] [ 33%] [34m[1mGenerating include/turtle_control/moc_main_window.cpp[0m
[1.282s] [ 44%] [32mBuilding CXX object CMakeFiles/turtle_control.dir/src/main_window.cpp.o[0m
[1.282s] [ 55%] [32mBuilding CXX object CMakeFiles/turtle_control.dir/include/turtle_control/moc_main_window.cpp.o[0m
[1.282s] [ 66%] [32mBuilding CXX object CMakeFiles/turtle_control.dir/include/turtle_control/moc_qnode.cpp.o[0m
[1.285s] [ 77%] [32mBuilding CXX object CMakeFiles/turtle_control.dir/src/qnode.cpp.o[0m
[1.286s] [ 88%] [32mBuilding CXX object CMakeFiles/turtle_control.dir/src/main.cpp.o[0m
[3.542s] [100%] [32m[1mLinking CXX executable turtle_control[0m
[3.962s] [100%] Built target turtle_control
[3.973s] Invoked command in '/home/lwj/turtle_control/build/turtle_control' returned '0': CMAKE_PREFIX_PATH=/opt/ros/humble /usr/bin/cmake --build /home/lwj/turtle_control/build/turtle_control -- -j16 -l16
[4.075s] Invoking command in '/home/lwj/turtle_control/build/turtle_control': CMAKE_PREFIX_PATH=/opt/ros/humble /usr/bin/cmake --install /home/lwj/turtle_control/build/turtle_control
[4.080s] -- Install configuration: ""
[4.080s] -- Installing: /home/lwj/turtle_control/install/turtle_control/lib/turtle_control/turtle_control
[4.080s] -- Set runtime path of "/home/lwj/turtle_control/install/turtle_control/lib/turtle_control/turtle_control" to ""
[4.080s] -- Installing: /home/lwj/turtle_control/install/turtle_control/share/ament_index/resource_index/package_run_dependencies/turtle_control
[4.080s] -- Installing: /home/lwj/turtle_control/install/turtle_control/share/ament_index/resource_index/parent_prefix_path/turtle_control
[4.080s] -- Installing: /home/lwj/turtle_control/install/turtle_control/share/turtle_control/environment/ament_prefix_path.sh
[4.080s] -- Installing: /home/lwj/turtle_control/install/turtle_control/share/turtle_control/environment/ament_prefix_path.dsv
[4.081s] -- Installing: /home/lwj/turtle_control/install/turtle_control/share/turtle_control/environment/path.sh
[4.081s] -- Installing: /home/lwj/turtle_control/install/turtle_control/share/turtle_control/environment/path.dsv
[4.081s] -- Installing: /home/lwj/turtle_control/install/turtle_control/share/turtle_control/local_setup.bash
[4.081s] -- Installing: /home/lwj/turtle_control/install/turtle_control/share/turtle_control/local_setup.sh
[4.081s] -- Installing: /home/lwj/turtle_control/install/turtle_control/share/turtle_control/local_setup.zsh
[4.081s] -- Installing: /home/lwj/turtle_control/install/turtle_control/share/turtle_control/local_setup.dsv
[4.081s] -- Installing: /home/lwj/turtle_control/install/turtle_control/share/turtle_control/package.dsv
[4.081s] -- Installing: /home/lwj/turtle_control/install/turtle_control/share/ament_index/resource_index/packages/turtle_control
[4.081s] -- Installing: /home/lwj/turtle_control/install/turtle_control/share/turtle_control/cmake/turtle_controlConfig.cmake
[4.081s] -- Installing: /home/lwj/turtle_control/install/turtle_control/share/turtle_control/cmake/turtle_controlConfig-version.cmake
[4.081s] -- Installing: /home/lwj/turtle_control/install/turtle_control/share/turtle_control/package.xml
[4.083s] Invoked command in '/home/lwj/turtle_control/build/turtle_control' returned '0': CMAKE_PREFIX_PATH=/opt/ros/humble /usr/bin/cmake --install /home/lwj/turtle_control/build/turtle_control
